make all --print-data-base --no-builtin-variables --no-builtin-rules --question
# GNU Make 4.1
# Built for x86_64-pc-linux-gnu
# Copyright (C) 1988-2014 Free Software Foundation, Inc.
# License GPLv3+: GNU GPL version 3 or later <http://gnu.org/licenses/gpl.html>
# This is free software: you are free to change and redistribute it.
# There is NO WARRANTY, to the extent permitted by law.
 

# Make data base, printed on Sun Mar  6 21:51:44 2022

# Variables

# 'override' directive
GNUMAKEFLAGS := 
# automatic
<D = $(patsubst %/,%,$(dir $<))
# automatic
?F = $(notdir $?)
# environment
DESKTOP_SESSION = ubuntu
# default
.SHELLFLAGS := -c
# environment
XDG_SESSION_TYPE = x11
# environment
VSCODE_LOG_NATIVE = false
# automatic
?D = $(patsubst %/,%,$(dir $?))
# environment
IM_CONFIG_PHASE = 2
# automatic
@D = $(patsubst %/,%,$(dir $@))
# environment
XAUTHORITY = /run/user/1000/gdm/Xauthority
# environment
GDMSESSION = ubuntu
# environment
XMODIFIERS = @im=fcitx
# makefile
CURDIR := /home/shinpc/Documents/PlayGround/erlang/A
# makefile
SHELL = /bin/sh
# environment
VSCODE_NLS_CONFIG = {"locale":"en","availableLanguages":{},"_languagePackSupport":true}
# environment
_ = /usr/share/code/code
# environment
XDG_CONFIG_DIRS = /etc/xdg/xdg-ubuntu:/etc/xdg
# makefile (from 'Makefile', line 1)
MAKEFILE_LIST :=  Makefile
# automatic
@F = $(notdir $@)
# environment
GIO_LAUNCHED_DESKTOP_FILE = /usr/share/applications/code.desktop
# environment
USERNAME = shinpc
# environment
MAKELEVEL := 0
# environment
MANDATORY_PATH = /usr/share/gconf/ubuntu.mandatory.path
# environment
XDG_DATA_DIRS = /usr/share/ubuntu:/usr/local/share/:/usr/share/:/var/lib/snapd/desktop
# environment
DBUS_SESSION_BUS_ADDRESS = unix:path=/run/user/1000/bus
# environment
VSCODE_VERBOSE_LOGGING = true
# environment
INFOPATH = /home/shinpc/.linuxbrew/share/info:/home/shinpc/.linuxbrew/share/info:
# environment
CLUTTER_IM_MODULE = xim
# environment
LESSOPEN = | /usr/bin/lesspipe %s
# environment
LC_NAME = ko_KR.UTF-8
# environment
VSCODE_CWD = /home/shinpc
# default
MAKE_HOST := x86_64-pc-linux-gnu
# environment
PATH = /home/shinpc/.linuxbrew/bin:/home/shinpc/.local/bin:/home/shinpc/opt/cross/bin:/home/shinpc/.cargo/bin:/home/shinpc/.linuxbrew/bin:/home/shinpc/.local/bin:/usr/local/sbin:/usr/local/bin:/usr/sbin:/usr/bin:/sbin:/bin:/usr/games:/usr/local/games:/snap/bin:/usr/local/go/bin:/home/shinpc/Documents/minix-master/build/tooldir.Linux-5.4.0-81-generic-x86_64/bin:/home/shinpc/toolchain/mips/mipseltools-gcc412-glibc261/bin
# environment
GPG_AGENT_INFO = /run/user/1000/gnupg/S.gpg-agent:0:1
# environment
GJS_DEBUG_OUTPUT = stderr
# environment
SESSION_MANAGER = local/shinpc-15ZG990-GP70KN:@/tmp/.ICE-unix/2608,unix/shinpc-15ZG990-GP70KN:/tmp/.ICE-unix/2608
# environment
JUPYTER_CONFIG_DATA = /home/shinpc/.vscode/extensions/ms-toolsai.vscode-ai-remote-0.7.0/jupyterConfigData.json
# environment
TEXTDOMAIN = im-config
# environment
XDG_MENU_PREFIX = gnome-
# environment
VSCODE_LOG_STACK = false
# environment
VSCODE_CRASH_REPORTER_START_OPTIONS = {"companyName":"Microsoft","productName":"VSCode","submitURL":"appcenter://code?aid=fba07a4d-84bd-4fc8-a125-9640fc8ce171&uid=cdc57e81-ea67-44a8-b3b9-82f93981abef&iid=cdc57e81-ea67-44a8-b3b9-82f93981abef&sid=cdc57e81-ea67-44a8-b3b9-82f93981abef","uploadToServer":true}
# default
.FEATURES := target-specific order-only second-expansion else-if shortest-stem undefine oneshell archives jobserver output-sync check-symlink load
# environment
LS_COLORS = 
# environment
XDG_SESSION_DESKTOP = ubuntu
# environment
SSH_AUTH_SOCK = /run/user/1000/keyring/ssh
# environment
GIO_LAUNCHED_DESKTOP_FILE_PID = 26255
# automatic
%F = $(notdir $%)
# environment
DISPLAY = :0
# environment
GTK_IM_MODULE = fcitx
# environment
VSCODE_PIPE_LOGGING = true
# environment
PWD = /home/shinpc/Documents/PlayGround/erlang/A
# environment
XDG_SEAT = seat0
# environment
SSH_AGENT_PID = 2700
# environment
ORIGINAL_XDG_CURRENT_DESKTOP = ubuntu:GNOME
# environment
GTK_MODULES = gail:atk-bridge
# environment
MANPATH = /home/shinpc/.linuxbrew/share/man:/home/shinpc/.linuxbrew/share/man:
# environment
VSCODE_AMD_ENTRYPOINT = vs/workbench/services/extensions/node/extensionHostProcess
# environment
HOME = /home/shinpc
# environment
LESSCLOSE = /usr/bin/lesspipe %s %s
# environment
VSCODE_CODE_CACHE_PATH = /home/shinpc/.config/Code/CachedData/899d46d82c4c95423fb7e10e68eba52050e30ba3
# environment
LOGNAME = shinpc
# environment
APPLICATION_INSIGHTS_NO_DIAGNOSTIC_CHANNEL = true
# automatic
+F = $(notdir $+)
# environment
VSCODE_HANDLES_UNCAUGHT_ERRORS = true
# default
MAKE_VERSION := 4.1
# environment
GNOME_DESKTOP_SESSION_ID = this-is-deprecated
# automatic
^D = $(patsubst %/,%,$(dir $^))
# environment
XDG_VTNR = 2
# environment
LC_TIME = ko_KR.UTF-8
# default
MAKE = $(MAKE_COMMAND)
# default
MAKECMDGOALS := all
# environment
QT_IM_MODULE = fcitx
# environment
SHLVL = 1
# environment
GNOME_SHELL_SESSION_MODE = ubuntu
# environment
VSCODE_IPC_HOOK_EXTHOST = /run/user/1000/vscode-ipc-9c845044-cf20-4858-9bc3-bf41901bbf2b.sock
# environment
XDG_SESSION_ID = 2
# environment
USER = shinpc
# environment
LC_MONETARY = ko_KR.UTF-8
# makefile
.DEFAULT_GOAL := all
# environment
XDG_CURRENT_DESKTOP = Unity
# automatic
%D = $(patsubst %/,%,$(dir $%))
# environment
LC_TELEPHONE = ko_KR.UTF-8
# default
MAKE_COMMAND := make
# default
.VARIABLES := 
# automatic
*F = $(notdir $*)
# environment
VSCODE_IPC_HOOK = /run/user/1000/vscode-183974fa-1.63.2-main.sock
# makefile
MAKEFLAGS = pqrR
# environment
MFLAGS = -pqrR
# automatic
*D = $(patsubst %/,%,$(dir $*))
# environment
BREAKPAD_DUMP_LOCATION = /home/shinpc/.config/Code/exthost Crash Reports
# automatic
+D = $(patsubst %/,%,$(dir $+))
# environment
GDK_BACKEND = x11
# environment
LC_PAPER = ko_KR.UTF-8
# environment
QT_ACCESSIBILITY = 1
# environment
DEFAULTS_PATH = /usr/share/gconf/ubuntu.default.path
# environment
TEXTDOMAINDIR = /usr/share/locale/
# default
MAKEFILES := 
# environment
LC_NUMERIC = ko_KR.UTF-8
# automatic
<F = $(notdir $<)
 
# environment
ELECTRON_RUN_AS_NODE = 1
# environment
LC_MEASUREMENT = ko_KR.UTF-8
# environment
LC_ALL = C
# environment
QT4_IM_MODULE = fcitx
# environment
GJS_DEBUG_TOPICS = JS ERROR;JS LOG
# automatic
^F = $(notdir $^)
# default
SUFFIXES := 
# environment
CHROME_DESKTOP = code-url-handler.desktop
# environment
WINDOWPATH = 2
# default
.INCLUDE_DIRS = /usr/include /usr/local/include /usr/include
# environment
LC_IDENTIFICATION = ko_KR.UTF-8
# default
.RECIPEPREFIX := 
# environment
LC_ADDRESS = ko_KR.UTF-8
# environment
XDG_RUNTIME_DIR = /run/user/1000
# environment
LANG = C
# environment
VSCODE_PID = 26255
# variable set hash-table stats:
 
# Load=116/1024=11%, Rehash=0, Collisions=21/144=15%

# Pattern-specific Variable Values

# No pattern-specific variable values.

# Directories

# . (device 2055, inode 8935920): 8 files, no impossibilities.

# 8 files, no impossibilities in 1 directories.

# Implicit Rules

# No implicit rules.

# Files

all: client server
#  Command line target.
#  Implicit rule search has been done.
#  File does not exist.
#  File has been updated.
#  Needs to be updated (-q is set).
# variable set hash-table stats:
# Load=0/32=0%, Rehash=0, Collisions=0/3=0%

client:
#  Implicit rule search has not been done.
#  Implicit/static pattern stem: ''
#  File does not exist.
#  File has been updated.
#  Needs to be updated (-q is set).
# automatic
# @ := client
# automatic
# % := 
 
# automatic
# * := 
# automatic
# + := 
# automatic
# | := 
# automatic
# < := 
# automatic
# ^ := 
# automatic
# ? := 
# variable set hash-table stats:
# Load=8/32=25%, Rehash=0, Collisions=1/11=9%
#  recipe to execute (from 'Makefile', line 4):
	make -C ./Client

# Not a target:
.SUFFIXES:
#  Implicit rule search has not been done.
#  Modification time never checked.
#  File has not been updated.

# Not a target:
Makefile:
#  Implicit rule search has been done.
#  Last modified 2022-03-06 20:45:01.459367364
#  File has been updated.
#  Successfully updated.

server:
#  Implicit rule search has not been done.
#  Modification time never checked.
#  File has not been updated.
#  recipe to execute (from 'Makefile', line 7):
	make -C ./Server

# Not a target:
.DEFAULT:
#  Implicit rule search has not been done.
#  Modification time never checked.
#  File has not been updated.

# files hash-table stats:
# Load=6/1024=1%, Rehash=0, Collisions=0/22=0%
# VPATH Search Paths

# No 'vpath' search paths.

# No general ('VPATH' variable) search path.

# strcache buffers: 1 (0) / strings = 15 / storage = 120 B / avg = 8 B
# current buf: size = 8162 B / used = 120 B / count = 15 / avg = 8 B

# strcache performance: lookups = 26 / hit rate = 42%
# hash-table stats:
# Load=15/8192=0%, Rehash=0, Collisions=4/26=15%
# Finished Make data base on Sun Mar  6 21:51:44 2022

 
